<?xml version="1.0" encoding="UTF-8"?>
<!-- Generated by org.testng.reporters.JUnitXMLReporter -->
<testsuite ignored="2" hostname="helilshahyars-iMac.local" failures="0" tests="1" name="Default test" time="7.703" errors="0" timestamp="2021-05-29T15:54:40 EDT">
  <testcase classname="tests.SeleniumEasyAlertTests" name="thirdAlertTest" time="7.598"/>
  <testcase classname="tests.SeleniumEasyAlertTests" name="firstAlertTest" time="0.0">
    <ignored/>
  </testcase> <!-- firstAlertTest -->
  <testcase classname="tests.SeleniumEasyAlertTests" name="secondAlertTest" time="0.0">
    <ignored/>
  </testcase> <!-- secondAlertTest -->
</testsuite> <!-- Default test -->
