<?xml version="1.0" encoding="UTF-8"?>
<testng-results ignored="0" total="4" passed="4" failed="0" skipped="0">
  <reporter-output>
  </reporter-output>
  <suite started-at="2021-06-06T12:13:46 EDT" name="Default suite" finished-at="2021-06-06T12:13:46 EDT" duration-ms="107">
    <groups>
    </groups>
    <test started-at="2021-06-06T12:13:46 EDT" name="Default test" finished-at="2021-06-06T12:13:46 EDT" duration-ms="107">
      <class name="tests.AmazonSearchTest">
        <test-method signature="testTest(java.lang.String,java.lang.String)[pri:0, instance:tests.AmazonSearchTest@e7edb54]" started-at="2021-06-06T12:13:46 EDT" name="testTest" data-provider="searchTest" finished-at="2021-06-06T12:13:46 EDT" duration-ms="11" status="PASS">
          <params>
            <param index="0">
              <value>
                <![CDATA[Coffee mug]]>
              </value>
            </param>
            <param index="1">
              <value>
                <![CDATA[DC]]>
              </value>
            </param>
          </params>
          <reporter-output>
          </reporter-output>
        </test-method> <!-- testTest -->
        <test-method signature="testTest(java.lang.String,java.lang.String)[pri:0, instance:tests.AmazonSearchTest@e7edb54]" started-at="2021-06-06T12:13:46 EDT" name="testTest" data-provider="searchTest" finished-at="2021-06-06T12:13:46 EDT" duration-ms="2" status="PASS">
          <params>
            <param index="0">
              <value>
                <![CDATA[cool Coffee mug]]>
              </value>
            </param>
            <param index="1">
              <value>
                <![CDATA[chicago]]>
              </value>
            </param>
          </params>
          <reporter-output>
          </reporter-output>
        </test-method> <!-- testTest -->
        <test-method signature="testTest(java.lang.String,java.lang.String)[pri:0, instance:tests.AmazonSearchTest@e7edb54]" started-at="2021-06-06T12:13:46 EDT" name="testTest" data-provider="searchTest" finished-at="2021-06-06T12:13:46 EDT" duration-ms="5" status="PASS">
          <params>
            <param index="0">
              <value>
                <![CDATA[cute Coffee mug]]>
              </value>
            </param>
            <param index="1">
              <value>
                <![CDATA[LA]]>
              </value>
            </param>
          </params>
          <reporter-output>
          </reporter-output>
        </test-method> <!-- testTest -->
        <test-method signature="testTest(java.lang.String,java.lang.String)[pri:0, instance:tests.AmazonSearchTest@e7edb54]" started-at="2021-06-06T12:13:46 EDT" name="testTest" data-provider="searchTest" finished-at="2021-06-06T12:13:46 EDT" duration-ms="2" status="PASS">
          <params>
            <param index="0">
              <value>
                <![CDATA[ugly Coffee mug]]>
              </value>
            </param>
            <param index="1">
              <value>
                <![CDATA[Reston]]>
              </value>
            </param>
          </params>
          <reporter-output>
          </reporter-output>
        </test-method> <!-- testTest -->
      </class> <!-- tests.AmazonSearchTest -->
    </test> <!-- Default test -->
  </suite> <!-- Default suite -->
</testng-results>
