<?xml version="1.0" encoding="UTF-8"?>
<testng-results ignored="0" total="3" passed="3" failed="0" skipped="0">
  <reporter-output>
  </reporter-output>
  <suite started-at="2021-06-03T13:57:18 EDT" name="SeleniumEasy" finished-at="2021-06-03T13:57:44 EDT" duration-ms="26032">
    <groups>
    </groups>
    <test started-at="2021-06-03T13:57:18 EDT" name="Alerts" finished-at="2021-06-03T13:57:44 EDT" duration-ms="26032">
      <class name="tests.SeleniumEasyAlertTests">
        <test-method is-config="true" signature="beforeMethod()[pri:0, instance:tests.SeleniumEasyAlertTests@1649b0e6]" started-at="2021-06-03T13:57:18 EDT" name="beforeMethod" finished-at="2021-06-03T13:57:21 EDT" duration-ms="3001" status="PASS">
          <reporter-output>
          </reporter-output>
        </test-method> <!-- beforeMethod -->
        <test-method signature="secondAlertTest()[pri:1, instance:tests.SeleniumEasyAlertTests@1649b0e6]" started-at="2021-06-03T13:57:21 EDT" name="secondAlertTest" description="This is second Alert dismiss test." finished-at="2021-06-03T13:57:26 EDT" duration-ms="4775" status="PASS">
          <reporter-output>
          </reporter-output>
        </test-method> <!-- secondAlertTest -->
        <test-method is-config="true" signature="afterTest()[pri:0, instance:tests.SeleniumEasyAlertTests@1649b0e6]" started-at="2021-06-03T13:57:26 EDT" name="afterTest" finished-at="2021-06-03T13:57:27 EDT" duration-ms="792" status="PASS">
          <reporter-output>
          </reporter-output>
        </test-method> <!-- afterTest -->
        <test-method is-config="true" signature="beforeMethod()[pri:0, instance:tests.SeleniumEasyAlertTests@1649b0e6]" started-at="2021-06-03T13:57:27 EDT" name="beforeMethod" finished-at="2021-06-03T13:57:28 EDT" duration-ms="1485" status="PASS">
          <reporter-output>
          </reporter-output>
        </test-method> <!-- beforeMethod -->
        <test-method signature="firstAlertTest()[pri:2, instance:tests.SeleniumEasyAlertTests@1649b0e6]" started-at="2021-06-03T13:57:28 EDT" name="firstAlertTest" description="This is first Alert accept test." finished-at="2021-06-03T13:57:33 EDT" duration-ms="4666" status="PASS">
          <reporter-output>
          </reporter-output>
        </test-method> <!-- firstAlertTest -->
        <test-method is-config="true" signature="afterTest()[pri:0, instance:tests.SeleniumEasyAlertTests@1649b0e6]" started-at="2021-06-03T13:57:33 EDT" name="afterTest" finished-at="2021-06-03T13:57:34 EDT" duration-ms="1250" status="PASS">
          <reporter-output>
          </reporter-output>
        </test-method> <!-- afterTest -->
        <test-method is-config="true" signature="beforeMethod()[pri:0, instance:tests.SeleniumEasyAlertTests@1649b0e6]" started-at="2021-06-03T13:57:34 EDT" name="beforeMethod" finished-at="2021-06-03T13:57:36 EDT" duration-ms="1471" status="PASS">
          <reporter-output>
          </reporter-output>
        </test-method> <!-- beforeMethod -->
        <test-method signature="thirdAlertTest()[pri:3, instance:tests.SeleniumEasyAlertTests@1649b0e6]" started-at="2021-06-03T13:57:36 EDT" name="thirdAlertTest" description="This is the Third Alert enter name test." finished-at="2021-06-03T13:57:43 EDT" duration-ms="7705" status="PASS">
          <reporter-output>
          </reporter-output>
        </test-method> <!-- thirdAlertTest -->
        <test-method is-config="true" signature="afterTest()[pri:0, instance:tests.SeleniumEasyAlertTests@1649b0e6]" started-at="2021-06-03T13:57:43 EDT" name="afterTest" finished-at="2021-06-03T13:57:44 EDT" duration-ms="801" status="PASS">
          <reporter-output>
          </reporter-output>
        </test-method> <!-- afterTest -->
      </class> <!-- tests.SeleniumEasyAlertTests -->
    </test> <!-- Alerts -->
  </suite> <!-- SeleniumEasy -->
</testng-results>
